Flow report for LedMatrixDisplayModify1Bit
Mon Jan 13 18:55:04 2020
Quartus II Version 9.1 Build 350 03/24/2010 Service Pack 2 SJ Web Edition


---------------------
; Table of Contents ;
---------------------
  1. Legal Notice
  2. Flow Summary
  3. Flow Settings
  4. Flow Non-Default Global Settings
  5. Flow Elapsed Time
  6. Flow OS Summary
  7. Flow Log



----------------
; Legal Notice ;
----------------
Copyright (C) 1991-2010 Altera Corporation
Your use of Altera Corporation's design tools, logic functions 
and other software and tools, and its AMPP partner logic 
functions, and any output files from any of the foregoing 
(including device programming or simulation files), and any 
associated documentation or information are expressly subject 
to the terms and conditions of the Altera Program License 
Subscription Agreement, Altera MegaCore Function License 
Agreement, or other applicable license agreement, including, 
without limitation, that your use is for the sole purpose of 
programming logic devices manufactured by Altera and sold by 
Altera or its authorized distributors.  Please refer to the 
applicable agreement for further details.



+------------------------------------------------------------------------+
; Flow Summary                                                           ;
+-------------------------+----------------------------------------------+
; Flow Status             ; Successful - Mon Jan 13 18:55:04 2020        ;
; Quartus II Version      ; 9.1 Build 350 03/24/2010 SP 2 SJ Web Edition ;
; Revision Name           ; LedMatrixDisplayModify1Bit                   ;
; Top-level Entity Name   ; LedMatrixDisplayModify1Bit                   ;
; Family                  ; MAX II                                       ;
; Device                  ; EPM1270T144C5                                ;
; Timing Models           ; Final                                        ;
; Met timing requirements ; Yes                                          ;
; Total logic elements    ; 316 / 1,270 ( 25 % )                         ;
; Total pins              ; 42 / 116 ( 36 % )                            ;
; Total virtual pins      ; 0                                            ;
; UFM blocks              ; 0 / 1 ( 0 % )                                ;
+-------------------------+----------------------------------------------+


+------------------------------------------------+
; Flow Settings                                  ;
+-------------------+----------------------------+
; Option            ; Setting                    ;
+-------------------+----------------------------+
; Start date & time ; 01/13/2020 18:54:47        ;
; Main task         ; Compilation                ;
; Revision Name     ; LedMatrixDisplayModify1Bit ;
+-------------------+----------------------------+


+--------------------------------------------------------------------------------------------------------------------------------------------------------------------------------+
; Flow Non-Default Global Settings                                                                                                                                               ;
+---------------------------------------+-----------------------------------------------------------------------------------------+---------------+-------------+----------------+
; Assignment Name                       ; Value                                                                                   ; Default Value ; Entity Name ; Section Id     ;
+---------------------------------------+-----------------------------------------------------------------------------------------+---------------+-------------+----------------+
; COMPILER_SIGNATURE_ID                 ; 150461132339312.157891288705604                                                         ; --            ; --          ; --             ;
; MAX_CORE_JUNCTION_TEMP                ; 85                                                                                      ; --            ; --          ; --             ;
; MIN_CORE_JUNCTION_TEMP                ; 0                                                                                       ; --            ; --          ; --             ;
; MISC_FILE                             ; C:/Users/user/Desktop/project/LedMatrixDisplayModify1Bit/LedMatrixDisplayModify1Bit.dpf ; --            ; --          ; --             ;
; POWER_EXT_SUPPLY_VOLTAGE_TO_REGULATOR ; 3.3V                                                                                    ; --            ; --          ; --             ;
; SEARCH_PATH                           ; c:\users\user\desktop\project\main_clock_bdf/                                           ; --            ; --          ; --             ;
; USE_GENERATED_PHYSICAL_CONSTRAINTS    ; Off                                                                                     ; --            ; --          ; eda_blast_fpga ;
+---------------------------------------+-----------------------------------------------------------------------------------------+---------------+-------------+----------------+


+-----------------------------------------------------------------------------------------------------------------------------+
; Flow Elapsed Time                                                                                                           ;
+-------------------------+--------------+-------------------------+---------------------+------------------------------------+
; Module Name             ; Elapsed Time ; Average Processors Used ; Peak Virtual Memory ; Total CPU Time (on all processors) ;
+-------------------------+--------------+-------------------------+---------------------+------------------------------------+
; Analysis & Synthesis    ; 00:00:04     ; 1.0                     ; 218 MB              ; 00:00:03                           ;
; Fitter                  ; 00:00:05     ; 1.0                     ; 192 MB              ; 00:00:05                           ;
; Assembler               ; 00:00:03     ; 1.0                     ; 173 MB              ; 00:00:02                           ;
; Classic Timing Analyzer ; 00:00:04     ; 1.0                     ; 147 MB              ; 00:00:04                           ;
; Total                   ; 00:00:16     ; --                      ; --                  ; 00:00:14                           ;
+-------------------------+--------------+-------------------------+---------------------+------------------------------------+


+------------------------------------------------------------------------------------------+
; Flow OS Summary                                                                          ;
+-------------------------+------------------+---------------+------------+----------------+
; Module Name             ; Machine Hostname ; OS Name       ; OS Version ; Processor type ;
+-------------------------+------------------+---------------+------------+----------------+
; Analysis & Synthesis    ; user-PC          ; Windows Vista ; 6.1        ; i686           ;
; Fitter                  ; user-PC          ; Windows Vista ; 6.1        ; i686           ;
; Assembler               ; user-PC          ; Windows Vista ; 6.1        ; i686           ;
; Classic Timing Analyzer ; user-PC          ; Windows Vista ; 6.1        ; i686           ;
+-------------------------+------------------+---------------+------------+----------------+


------------
; Flow Log ;
------------
quartus_map --read_settings_files=on --write_settings_files=off LedMatrixDisplayModify1Bit -c LedMatrixDisplayModify1Bit
quartus_fit --read_settings_files=off --write_settings_files=off LedMatrixDisplayModify1Bit -c LedMatrixDisplayModify1Bit
quartus_asm --read_settings_files=off --write_settings_files=off LedMatrixDisplayModify1Bit -c LedMatrixDisplayModify1Bit
quartus_tan --read_settings_files=off --write_settings_files=off LedMatrixDisplayModify1Bit -c LedMatrixDisplayModify1Bit



